  9012 괄호.cpp
C:\Users\hayou\Desktop\park\parkjihu\parkjihu\9012 괄호.cpp(6,21): error C4430: 형식 지정자가 없습니다. int로 가정합니다. 참고: C++에서는 기본 int를 지원하지 않습니다.
C:\Users\hayou\Desktop\park\parkjihu\parkjihu\9012 괄호.cpp(6,11): error C2146: 구문 오류: ';'이(가) '함수화' 식별자 앞에 없습니다.
C:\Users\hayou\Desktop\park\parkjihu\parkjihu\9012 괄호.cpp(9,1): error C2143: 구문 오류: ';'이(가) '{' 앞에 없습니다.
C:\Users\hayou\Desktop\park\parkjihu\parkjihu\9012 괄호.cpp(9,1): error C2447: '{': 함수 헤더가 없습니다. 이전 스타일의 형식 목록입니까?
  parkjihu.cpp
c1xx : fatal error C1083: 소스 파일을 열 수 없습니다. 'parkjihu.cpp': No such file or directory
  UnitTest1.cpp
C:\Users\hayou\Desktop\park\parkjihu\parkjihu\UnitTest1.cpp(1,10): fatal error C1083: 포함 파일을 열 수 없습니다. 'stdafx.h': No such file or directory
  문자열.cpp
C:\Users\hayou\Desktop\park\parkjihu\parkjihu\문자열.cpp(14,2): error C4996: 'scanf': This function or variable may be unsafe. Consider using scanf_s instead. To disable deprecation, use _CRT_SECURE_NO_WARNINGS. See online help for details.
  소스.cpp
  스택.cpp
C:\Users\hayou\Desktop\park\parkjihu\parkjihu\스택.cpp(57,2): error C4996: 'freopen': This function or variable may be unsafe. Consider using freopen_s instead. To disable deprecation, use _CRT_SECURE_NO_WARNINGS. See online help for details.
C:\Users\hayou\Desktop\park\parkjihu\parkjihu\스택.cpp(58,2): error C4996: 'freopen': This function or variable may be unsafe. Consider using freopen_s instead. To disable deprecation, use _CRT_SECURE_NO_WARNINGS. See online help for details.
C:\Users\hayou\Desktop\park\parkjihu\parkjihu\스택.cpp(60,2): error C4996: 'scanf': This function or variable may be unsafe. Consider using scanf_s instead. To disable deprecation, use _CRT_SECURE_NO_WARNINGS. See online help for details.
C:\Users\hayou\Desktop\park\parkjihu\parkjihu\스택.cpp(64,3): error C4996: 'scanf': This function or variable may be unsafe. Consider using scanf_s instead. To disable deprecation, use _CRT_SECURE_NO_WARNINGS. See online help for details.
C:\Users\hayou\Desktop\park\parkjihu\parkjihu\스택.cpp(67,4): error C4996: 'scanf': This function or variable may be unsafe. Consider using scanf_s instead. To disable deprecation, use _CRT_SECURE_NO_WARNINGS. See online help for details.
  이진탐색.cpp
C:\Users\hayou\Desktop\park\parkjihu\parkjihu\이진탐색.cpp(23,16): warning C4018: '<=': signed 또는 unsigned가 일치하지 않습니다.
C:\Users\hayou\Desktop\park\parkjihu\parkjihu\이진탐색.cpp(25,17): warning C4018: '<=': signed 또는 unsigned가 일치하지 않습니다.
C:\Users\hayou\Desktop\park\parkjihu\parkjihu\이진탐색.cpp(48,19): error C2065: 'v': 선언되지 않은 식별자입니다.
C:\Users\hayou\Desktop\park\parkjihu\parkjihu\이진탐색.cpp(39): fatal error C1075: '{': 일치하는 토큰을 찾을 수 없습니다.
  자리배정.cpp
C:\Users\hayou\Desktop\park\parkjihu\parkjihu\자리배정.cpp(8,2): error C4996: 'scanf': This function or variable may be unsafe. Consider using scanf_s instead. To disable deprecation, use _CRT_SECURE_NO_WARNINGS. See online help for details.
C:\Users\hayou\Desktop\park\parkjihu\parkjihu\자리배정.cpp(10,2): error C4996: 'scanf': This function or variable may be unsafe. Consider using scanf_s instead. To disable deprecation, use _CRT_SECURE_NO_WARNINGS. See online help for details.
  제로 10773.cpp
  코드를 생성하고 있습니다...
